2025-04-04 12:30:19.070125 - Received CBT.V508.FILE606.PDS from FILE606.XMI 
2025-04-04 12:30:19.071848 - Found $$$#DATE.txt (text/plain) in CBT.V508.FILE606.PDS, moved to PDS/$$$#DATE
2025-04-04 12:30:19.071999 - Found $$AWSSL.jcl (text/plain) in CBT.V508.FILE606.PDS, moved to PDS/$$AWSSL
2025-04-04 12:30:19.072132 - Found $$NOTE1.eml (message/rfc822) in CBT.V508.FILE606.PDS, moved to PDS/$$NOTE1
2025-04-04 12:30:19.072278 - Found #CALL.txt (text/plain) in CBT.V508.FILE606.PDS, moved to PDS/#CALL
2025-04-04 12:30:19.072403 - Found #CSTR.txt (text/plain) in CBT.V508.FILE606.PDS, moved to PDS/#CSTR
2025-04-04 12:30:19.072526 - Found #EPILOG.txt (text/plain) in CBT.V508.FILE606.PDS, moved to PDS/#EPILOG
2025-04-04 12:30:19.072658 - Found #FRAME.txt (text/plain) in CBT.V508.FILE606.PDS, moved to PDS/#FRAME
2025-04-04 12:30:19.075125 - Found #GLOBAL.txt (text/plain) in CBT.V508.FILE606.PDS, moved to PDS/#GLOBAL
2025-04-04 12:30:19.075290 - Found #MEMCHR.txt (text/plain) in CBT.V508.FILE606.PDS, moved to PDS/#MEMCHR
2025-04-04 12:30:19.075586 - Found #MEMCMP.txt (text/plain) in CBT.V508.FILE606.PDS, moved to PDS/#MEMCMP
2025-04-04 12:30:19.075859 - Found #MEMCPY.txt (text/plain) in CBT.V508.FILE606.PDS, moved to PDS/#MEMCPY
2025-04-04 12:30:19.075976 - Found #MEMSET.txt (text/plain) in CBT.V508.FILE606.PDS, moved to PDS/#MEMSET
2025-04-04 12:30:19.076094 - Found #PROFILE.txt (text/plain) in CBT.V508.FILE606.PDS, moved to PDS/#PROFILE
2025-04-04 12:30:19.076245 - Found #PROLOG.txt (text/plain) in CBT.V508.FILE606.PDS, moved to PDS/#PROLOG
2025-04-04 12:30:19.076364 - Found @FILE606.txt (text/plain) in CBT.V508.FILE606.PDS, moved to PDS/@FILE606
2025-04-04 12:30:19.076498 - Found ADLER32.txt (text/plain) in CBT.V508.FILE606.PDS, moved to PDS/ADLER32
2025-04-04 12:30:19.076910 - Found AWSSL.txt (text/plain) in CBT.V508.FILE606.PDS, moved to PDS/AWSSL
2025-04-04 12:30:19.077073 - Found AWSSLO.txt (text/plain) in CBT.V508.FILE606.PDS, moved to PDS/AWSSLO
2025-04-04 12:30:19.077219 - Found BLKSRT.txt (text/plain) in CBT.V508.FILE606.PDS, moved to PDS/BLKSRT
2025-04-04 12:30:19.077353 - Found BZINTERR.txt (text/plain) in CBT.V508.FILE606.PDS, moved to PDS/BZINTERR
2025-04-04 12:30:19.077531 - Found BZLIB.txt (text/plain) in CBT.V508.FILE606.PDS, moved to PDS/BZLIB
2025-04-04 12:30:19.077690 - Found COMPRESB.txt (text/plain) in CBT.V508.FILE606.PDS, moved to PDS/COMPRESB
2025-04-04 12:30:19.077827 - Found COMPRESS.txt (text/plain) in CBT.V508.FILE606.PDS, moved to PDS/COMPRESS
2025-04-04 12:30:19.077961 - Found CRCTABLE.txt (text/plain) in CBT.V508.FILE606.PDS, moved to PDS/CRCTABLE
2025-04-04 12:30:19.078125 - Found CRC32.txt (text/plain) in CBT.V508.FILE606.PDS, moved to PDS/CRC32
2025-04-04 12:30:19.078302 - Found DECOMPR.txt (text/plain) in CBT.V508.FILE606.PDS, moved to PDS/DECOMPR
2025-04-04 12:30:19.078471 - Found DEFLATE.txt (text/plain) in CBT.V508.FILE606.PDS, moved to PDS/DEFLATE
2025-04-04 12:30:19.078994 - Found HUFFMAN.txt (text/plain) in CBT.V508.FILE606.PDS, moved to PDS/HUFFMAN
2025-04-04 12:30:19.079200 - Found INFBLOCK.txt (text/plain) in CBT.V508.FILE606.PDS, moved to PDS/INFBLOCK
2025-04-04 12:30:19.079374 - Found INFCODES.txt (text/plain) in CBT.V508.FILE606.PDS, moved to PDS/INFCODES
2025-04-04 12:30:19.079692 - Found INFFAST.txt (text/plain) in CBT.V508.FILE606.PDS, moved to PDS/INFFAST
2025-04-04 12:30:19.079949 - Found INFLATE.txt (text/plain) in CBT.V508.FILE606.PDS, moved to PDS/INFLATE
2025-04-04 12:30:19.080188 - Found INFTREES.txt (text/plain) in CBT.V508.FILE606.PDS, moved to PDS/INFTREES
2025-04-04 12:30:19.080360 - Found INFUTIL.txt (text/plain) in CBT.V508.FILE606.PDS, moved to PDS/INFUTIL
2025-04-04 12:30:19.080503 - Found LIB.txt (text/plain) in CBT.V508.FILE606.PDS, moved to PDS/LIB
2025-04-04 12:30:19.080672 - Found MEMPOOL.txt (text/plain) in CBT.V508.FILE606.PDS, moved to PDS/MEMPOOL
2025-04-04 12:30:19.080802 - Found PRINTF.txt (text/plain) in CBT.V508.FILE606.PDS, moved to PDS/PRINTF
2025-04-04 12:30:19.080941 - Found PROFILE.txt (text/plain) in CBT.V508.FILE606.PDS, moved to PDS/PROFILE
2025-04-04 12:30:19.081070 - Found RANDTAB.txt (text/plain) in CBT.V508.FILE606.PDS, moved to PDS/RANDTAB
2025-04-04 12:30:19.081190 - Found STACK.txt (text/plain) in CBT.V508.FILE606.PDS, moved to PDS/STACK
2025-04-04 12:30:19.081344 - Found TREES.txt (text/plain) in CBT.V508.FILE606.PDS, moved to PDS/TREES
2025-04-04 12:30:19.081484 - Found UNCOMPR.txt (text/plain) in CBT.V508.FILE606.PDS, moved to PDS/UNCOMPR
2025-04-04 12:30:19.081630 - Found ZUTIL.txt (text/plain) in CBT.V508.FILE606.PDS, moved to PDS/ZUTIL
